app/build/outputs/logs/manifest-merger-release-report.txt
-- Merging decision tree log ---
manifest
ADDED from src/main/AndroidManifest.xml:17:1-147:12
INJECTED from src/main/AndroidManifest.xml:17:1-147:12
INJECTED from src/main/AndroidManifest.xml:17:1-147:12
INJECTED from src/main/AndroidManifest.xml:17:1-147:12
MERGED from [:common] AndroidManifest.xml:17:1-28:12
MERGED from [:partner_support] AndroidManifest.xml:17:1-28:12
MERGED from [com.android.support:appcompat-v7:27.1.1] AndroidManifest.xml:17:1-22:12
MERGED from [com.android.support.constraint:constraint-layout:1.0.2] AndroidManifest.xml:2:1-11:12
MERGED from [com.android.support:leanback-v17:27.1.1] AndroidManifest.xml:17:1-22:12
MERGED from [com.android.support:recyclerview-v7:27.1.1] AndroidManifest.xml:17:1-22:12
MERGED from [com.google.android.exoplayer:exoplayer:2.9.0] AndroidManifest.xml:17:1-24:12
MERGED from [com.android.support:support-tv-provider:27.1.1] AndroidManifest.xml:17:1-25:12
MERGED from [com.android.support:support-v4:27.1.1] AndroidManifest.xml:17:1-22:12
MERGED from [com.android.support:support-fragment:27.1.1] AndroidManifest.xml:17:1-22:12
MERGED from [com.android.support:animated-vector-drawable:27.1.1] AndroidManifest.xml:17:1-22:12
MERGED from [com.android.support:support-core-ui:27.1.1] AndroidManifest.xml:17:1-22:12
MERGED from [com.android.support:support-core-utils:27.1.1] AndroidManifest.xml:17:1-22:12
MERGED from [com.android.support:support-vector-drawable:27.1.1] AndroidManifest.xml:17:1-22:12
MERGED from [com.google.android.exoplayer:exoplayer-ui:2.9.0] AndroidManifest.xml:17:1-24:12
MERGED from [com.android.support:support-media-compat:27.1.1] AndroidManifest.xml:17:1-22:12
MERGED from [com.android.support:support-compat:27.1.1] AndroidManifest.xml:17:1-22:12
MERGED from [com.google.android.exoplayer:exoplayer-dash:2.9.0] AndroidManifest.xml:17:1-24:12
MERGED from [com.google.android.exoplayer:exoplayer-hls:2.9.0] AndroidManifest.xml:17:1-24:12
MERGED from [com.google.android.exoplayer:exoplayer-smoothstreaming:2.9.0] AndroidManifest.xml:17:1-24:12
MERGED from [com.google.android.exoplayer:exoplayer-core:2.9.0] AndroidManifest.xml:17:1-26:12
MERGED from [android.arch.lifecycle:livedata-core:1.1.0] AndroidManifest.xml:17:1-22:12
MERGED from [android.arch.lifecycle:viewmodel:1.1.0] AndroidManifest.xml:17:1-22:12
MERGED from [android.arch.lifecycle:runtime:1.1.0] AndroidManifest.xml:17:1-22:12
MERGED from [android.arch.core:runtime:1.1.0] AndroidManifest.xml:17:1-22:12
INJECTED from src/main/AndroidManifest.xml:17:1-147:12
INJECTED from src/main/AndroidManifest.xml:17:1-147:12
INJECTED from src/main/AndroidManifest.xml:17:1-147:12
	package
		ADDED from src/main/AndroidManifest.xml:18:5-48
		INJECTED from src/main/AndroidManifest.xml
		INJECTED from src/main/AndroidManifest.xml
	android:sharedUserId
		ADDED from src/main/AndroidManifest.xml:19:5-46
	android:versionName
		INJECTED from src/main/AndroidManifest.xml
		ADDED from src/main/AndroidManifest.xml:17:1-147:12
		INJECTED from src/main/AndroidManifest.xml
	android:versionCode
		INJECTED from src/main/AndroidManifest.xml
		ADDED from src/main/AndroidManifest.xml:17:1-147:12
		INJECTED from src/main/AndroidManifest.xml
	xmlns:android
		ADDED from src/main/AndroidManifest.xml:17:11-69
uses-permission#android.permission.INTERNET
ADDED from src/main/AndroidManifest.xml:22:5-66
	android:name
		ADDED from src/main/AndroidManifest.xml:22:22-64
uses-permission#android.permission.READ_SYNC_STATS
ADDED from src/main/AndroidManifest.xml:24:5-73
	android:name
		ADDED from src/main/AndroidManifest.xml:24:22-71
uses-permission#android.permission.WRITE_SYNC_SETTINGS
ADDED from src/main/AndroidManifest.xml:26:5-77
	android:name
		ADDED from src/main/AndroidManifest.xml:26:22-75
uses-permission#android.permission.AUTHENTICATE_ACCOUNTS
ADDED from src/main/AndroidManifest.xml:28:5-79
	android:name
		ADDED from src/main/AndroidManifest.xml:28:22-77
uses-permission#com.android.providers.tv.permission.READ_EPG_DATA
ADDED from src/main/AndroidManifest.xml:30:5-89
MERGED from [com.android.support:support-tv-provider:27.1.1] AndroidManifest.xml:23:5-89
MERGED from [com.android.support:support-tv-provider:27.1.1] AndroidManifest.xml:23:5-89
	android:name
		ADDED from src/main/AndroidManifest.xml:30:22-86
uses-permission#com.android.providers.tv.permission.WRITE_EPG_DATA
ADDED from src/main/AndroidManifest.xml:32:5-90
MERGED from [com.android.support:support-tv-provider:27.1.1] AndroidManifest.xml:22:5-90
MERGED from [com.android.support:support-tv-provider:27.1.1] AndroidManifest.xml:22:5-90
	android:name
		ADDED from src/main/AndroidManifest.xml:32:22-87
uses-permission#android.permission.DVB_DEVICE
ADDED from src/main/AndroidManifest.xml:34:5-69
	android:name
		ADDED from src/main/AndroidManifest.xml:34:22-66
application
ADDED from src/main/AndroidManifest.xml:36:5-134:19
MERGED from [:common] AndroidManifest.xml:26:5-20
MERGED from [:common] AndroidManifest.xml:26:5-20
MERGED from [:partner_support] AndroidManifest.xml:26:5-20
MERGED from [:partner_support] AndroidManifest.xml:26:5-20
MERGED from [com.android.support.constraint:constraint-layout:1.0.2] AndroidManifest.xml:9:5-20
MERGED from [com.android.support.constraint:constraint-layout:1.0.2] AndroidManifest.xml:9:5-20
	android:label
		ADDED from src/main/AndroidManifest.xml:36:18-57
	android:icon
		ADDED from src/main/AndroidManifest.xml:37:13-50
	android:theme
		ADDED from src/main/AndroidManifest.xml:38:13-50
activity#com.example.android.sampletvinput.simple.SimpleTvInputSetupActivity
ADDED from src/main/AndroidManifest.xml:41:9-45:20
	android:name
		ADDED from src/main/AndroidManifest.xml:41:19-68
intent-filter#android.intent.action.MAIN
ADDED from src/main/AndroidManifest.xml:42:13-44:29
action#android.intent.action.MAIN
ADDED from src/main/AndroidManifest.xml:43:17-69
	android:name
		ADDED from src/main/AndroidManifest.xml:43:25-66
service#com.example.android.sampletvinput.simple.SimpleTvInputService
ADDED from src/main/AndroidManifest.xml:50:9-61:19
	android:label
		ADDED from src/main/AndroidManifest.xml:52:13-55
	android:permission
		ADDED from src/main/AndroidManifest.xml:51:13-66
	android:name
		ADDED from src/main/AndroidManifest.xml:50:18-61
intent-filter#android.media.tv.TvInputService
ADDED from src/main/AndroidManifest.xml:54:13-56:29
action#android.media.tv.TvInputService
ADDED from src/main/AndroidManifest.xml:55:17-74
	android:name
		ADDED from src/main/AndroidManifest.xml:55:25-71
meta-data#android.media.tv.input
ADDED from src/main/AndroidManifest.xml:59:13-60:64
	android:resource
		ADDED from src/main/AndroidManifest.xml:60:17-61
	android:name
		ADDED from src/main/AndroidManifest.xml:59:24-61
activity#com.example.android.sampletvinput.rich.RichTvInputSetupActivity
ADDED from src/main/AndroidManifest.xml:65:9-69:20
	android:name
		ADDED from src/main/AndroidManifest.xml:65:19-64
activity#com.example.android.sampletvinput.rich.RichTvInputSettingsActivity
ADDED from src/main/AndroidManifest.xml:73:9-77:20
	android:name
		ADDED from src/main/AndroidManifest.xml:73:19-67
service#com.example.android.sampletvinput.rich.RichTvInputService
ADDED from src/main/AndroidManifest.xml:83:9-94:19
	android:label
		ADDED from src/main/AndroidManifest.xml:85:13-53
	android:permission
		ADDED from src/main/AndroidManifest.xml:84:13-66
	android:name
		ADDED from src/main/AndroidManifest.xml:83:18-57
service#com.example.android.sampletvinput.syncadapter.SyncService
ADDED from src/main/AndroidManifest.xml:98:9-105:19
	android:exported
		ADDED from src/main/AndroidManifest.xml:99:13-36
	android:name
		ADDED from src/main/AndroidManifest.xml:98:18-57
intent-filter#android.content.SyncAdapter
ADDED from src/main/AndroidManifest.xml:100:13-102:29
action#android.content.SyncAdapter
ADDED from src/main/AndroidManifest.xml:101:17-70
	android:name
		ADDED from src/main/AndroidManifest.xml:101:25-67
meta-data#android.content.SyncAdapter
ADDED from src/main/AndroidManifest.xml:103:13-104:55
	android:resource
		ADDED from src/main/AndroidManifest.xml:104:17-52
	android:name
		ADDED from src/main/AndroidManifest.xml:103:24-66
service#com.example.android.sampletvinput.syncadapter.DummyAccountService
ADDED from src/main/AndroidManifest.xml:109:9-115:19
	android:name
		ADDED from src/main/AndroidManifest.xml:109:18-65
intent-filter#android.accounts.AccountAuthenticator
ADDED from src/main/AndroidManifest.xml:110:13-112:29
action#android.accounts.AccountAuthenticator
ADDED from src/main/AndroidManifest.xml:111:17-80
	android:name
		ADDED from src/main/AndroidManifest.xml:111:25-77
meta-data#android.accounts.AccountAuthenticator
ADDED from src/main/AndroidManifest.xml:113:13-114:57
	android:resource
		ADDED from src/main/AndroidManifest.xml:114:17-54
	android:name
		ADDED from src/main/AndroidManifest.xml:113:24-76
activity#com.example.android.sampletvinput.tuner.src.com.android.tv.tuner.setup.LiveTvTunerSetupActivity
ADDED from src/main/AndroidManifest.xml:117:9-121:20
	android:name
		ADDED from src/main/AndroidManifest.xml:117:19-96
service#com.example.android.sampletvinput.tuner.src.com.android.tv.tuner.livetuner.LiveTvTunerTvInputService
ADDED from src/main/AndroidManifest.xml:122:9-133:19
	android:label
		ADDED from src/main/AndroidManifest.xml:124:13-51
	android:permission
		ADDED from src/main/AndroidManifest.xml:123:13-66
	android:name
		ADDED from src/main/AndroidManifest.xml:122:18-100
uses-feature#android.hardware.touchscreen
ADDED from src/main/AndroidManifest.xml:136:5-138:36
	android:required
		ADDED from src/main/AndroidManifest.xml:138:9-33
	android:name
		ADDED from src/main/AndroidManifest.xml:137:9-52
uses-feature#android.software.leanback
ADDED from src/main/AndroidManifest.xml:139:5-141:35
	android:required
		ADDED from src/main/AndroidManifest.xml:141:9-32
	android:name
		ADDED from src/main/AndroidManifest.xml:140:9-49
uses-feature#android.software.live_tv
ADDED from src/main/AndroidManifest.xml:144:5-146:35
	android:required
		ADDED from src/main/AndroidManifest.xml:146:9-32
	android:name
		ADDED from src/main/AndroidManifest.xml:145:9-48
uses-sdk
INJECTED from src/main/AndroidManifest.xml reason: use-sdk injection requested
INJECTED from src/main/AndroidManifest.xml
INJECTED from src/main/AndroidManifest.xml
MERGED from [:common] AndroidManifest.xml:22:5-24:41
MERGED from [:common] AndroidManifest.xml:22:5-24:41
MERGED from [:partner_support] AndroidManifest.xml:22:5-24:41
MERGED from [:partner_support] AndroidManifest.xml:22:5-24:41
MERGED from [com.android.support:appcompat-v7:27.1.1] AndroidManifest.xml:20:5-44
MERGED from [com.android.support:appcompat-v7:27.1.1] AndroidManifest.xml:20:5-44
MERGED from [com.android.support.constraint:constraint-layout:1.0.2] AndroidManifest.xml:5:5-7:41
MERGED from [com.android.support.constraint:constraint-layout:1.0.2] AndroidManifest.xml:5:5-7:41
MERGED from [com.android.support:leanback-v17:27.1.1] AndroidManifest.xml:20:5-44
MERGED from [com.android.support:leanback-v17:27.1.1] AndroidManifest.xml:20:5-44
MERGED from [com.android.support:recyclerview-v7:27.1.1] AndroidManifest.xml:20:5-44
MERGED from [com.android.support:recyclerview-v7:27.1.1] AndroidManifest.xml:20:5-44
MERGED from [com.google.android.exoplayer:exoplayer:2.9.0] AndroidManifest.xml:20:5-22:41
MERGED from [com.google.android.exoplayer:exoplayer:2.9.0] AndroidManifest.xml:20:5-22:41
MERGED from [com.android.support:support-tv-provider:27.1.1] AndroidManifest.xml:20:5-44
MERGED from [com.android.support:support-tv-provider:27.1.1] AndroidManifest.xml:20:5-44
MERGED from [com.android.support:support-v4:27.1.1] AndroidManifest.xml:20:5-44
MERGED from [com.android.support:support-v4:27.1.1] AndroidManifest.xml:20:5-44
MERGED from [com.android.support:support-fragment:27.1.1] AndroidManifest.xml:20:5-44
MERGED from [com.android.support:support-fragment:27.1.1] AndroidManifest.xml:20:5-44
MERGED from [com.android.support:animated-vector-drawable:27.1.1] AndroidManifest.xml:20:5-44
MERGED from [com.android.support:animated-vector-drawable:27.1.1] AndroidManifest.xml:20:5-44
MERGED from [com.android.support:support-core-ui:27.1.1] AndroidManifest.xml:20:5-44
MERGED from [com.android.support:support-core-ui:27.1.1] AndroidManifest.xml:20:5-44
MERGED from [com.android.support:support-core-utils:27.1.1] AndroidManifest.xml:20:5-44
MERGED from [com.android.support:support-core-utils:27.1.1] AndroidManifest.xml:20:5-44
MERGED from [com.android.support:support-vector-drawable:27.1.1] AndroidManifest.xml:20:5-44
MERGED from [com.android.support:support-vector-drawable:27.1.1] AndroidManifest.xml:20:5-44
MERGED from [com.google.android.exoplayer:exoplayer-ui:2.9.0] AndroidManifest.xml:20:5-22:41
MERGED from [com.google.android.exoplayer:exoplayer-ui:2.9.0] AndroidManifest.xml:20:5-22:41
MERGED from [com.android.support:support-media-compat:27.1.1] AndroidManifest.xml:20:5-44
MERGED from [com.android.support:support-media-compat:27.1.1] AndroidManifest.xml:20:5-44
MERGED from [com.android.support:support-compat:27.1.1] AndroidManifest.xml:20:5-44
MERGED from [com.android.support:support-compat:27.1.1] AndroidManifest.xml:20:5-44
MERGED from [com.google.android.exoplayer:exoplayer-dash:2.9.0] AndroidManifest.xml:20:5-22:41
MERGED from [com.google.android.exoplayer:exoplayer-dash:2.9.0] AndroidManifest.xml:20:5-22:41
MERGED from [com.google.android.exoplayer:exoplayer-hls:2.9.0] AndroidManifest.xml:20:5-22:41
MERGED from [com.google.android.exoplayer:exoplayer-hls:2.9.0] AndroidManifest.xml:20:5-22:41
MERGED from [com.google.android.exoplayer:exoplayer-smoothstreaming:2.9.0] AndroidManifest.xml:20:5-22:41
MERGED from [com.google.android.exoplayer:exoplayer-smoothstreaming:2.9.0] AndroidManifest.xml:20:5-22:41
MERGED from [com.google.android.exoplayer:exoplayer-core:2.9.0] AndroidManifest.xml:20:5-22:41
MERGED from [com.google.android.exoplayer:exoplayer-core:2.9.0] AndroidManifest.xml:20:5-22:41
MERGED from [android.arch.lifecycle:livedata-core:1.1.0] AndroidManifest.xml:20:5-44
MERGED from [android.arch.lifecycle:livedata-core:1.1.0] AndroidManifest.xml:20:5-44
MERGED from [android.arch.lifecycle:viewmodel:1.1.0] AndroidManifest.xml:20:5-44
MERGED from [android.arch.lifecycle:viewmodel:1.1.0] AndroidManifest.xml:20:5-44
MERGED from [android.arch.lifecycle:runtime:1.1.0] AndroidManifest.xml:20:5-44
MERGED from [android.arch.lifecycle:runtime:1.1.0] AndroidManifest.xml:20:5-44
MERGED from [android.arch.core:runtime:1.1.0] AndroidManifest.xml:20:5-44
MERGED from [android.arch.core:runtime:1.1.0] AndroidManifest.xml:20:5-44
INJECTED from src/main/AndroidManifest.xml
INJECTED from src/main/AndroidManifest.xml
	android:targetSdkVersion
		INJECTED from src/main/AndroidManifest.xml
		ADDED from src/main/AndroidManifest.xml
		INJECTED from src/main/AndroidManifest.xml
	android:minSdkVersion
		INJECTED from src/main/AndroidManifest.xml
		ADDED from src/main/AndroidManifest.xml
		INJECTED from src/main/AndroidManifest.xml
uses-permission#android.permission.ACCESS_NETWORK_STATE
ADDED from [com.google.android.exoplayer:exoplayer-core:2.9.0] AndroidManifest.xml:24:5-79
	android:name
		ADDED from [com.google.android.exoplayer:exoplayer-core:2.9.0] AndroidManifest.xml:24:22-76